<?xml version="1.0" encoding="UTF-8"?>
<!-- Generated by org.testng.reporters.JUnitReportReporter -->
<testsuite hostname="7BZL4Z1" name="com.test.UserName_Is_Empty" tests="1" failures="0" timestamp="21 Apr 2016 17:12:56 GMT" time="30.545" errors="0">
  <testcase name="main" time="30.545" classname="com.test.UserName_Is_Empty"/>
</testsuite> <!-- com.test.UserName_Is_Empty -->
