<?xml version="1.0" encoding="UTF-8"?>
<!-- Generated by org.testng.reporters.JUnitReportReporter -->
<testsuite hostname="7BZL4Z1" name="com.test.ChangeNsAccountFromApp" tests="1" failures="0" timestamp="13 Jun 2016 06:47:45 GMT" time="97.408" errors="0">
  <testcase name="main" time="97.408" classname="com.test.ChangeNsAccountFromApp"/>
</testsuite> <!-- com.test.ChangeNsAccountFromApp -->
