<?xml version="1.0" encoding="UTF-8"?>
<!-- Generated by org.testng.reporters.JUnitReportReporter -->
<testsuite hostname="7BZL4Z1" name="com.test.Attach_mail_and_Verify_In_NS" tests="1" failures="0" timestamp="21 Jun 2016 07:25:44 GMT" time="160.323" errors="0">
  <testcase name="attach_To_Single_RecordFrom_SenderList_With_Attachments" time="160.323" classname="com.test.Attach_mail_and_Verify_In_NS"/>
</testsuite> <!-- com.test.Attach_mail_and_Verify_In_NS -->
