<?xml version="1.0" encoding="UTF-8"?>
<!-- Generated by org.testng.reporters.JUnitReportReporter -->
<testsuite hostname="7BZL4Z1" name="test.AttachMail" tests="1" failures="0" timestamp="27 Jan 2016 07:44:40 GMT" time="259.239" errors="0">
  <testcase name="main" time="259.239" classname="test.AttachMail"/>
</testsuite> <!-- test.AttachMail -->
