<?xml version="1.0" encoding="UTF-8"?>
<!-- Generated by org.testng.reporters.JUnitReportReporter -->
<testsuite hostname="7BZL4Z1" name="test.NewTest" tests="1" failures="0" timestamp="18 Jan 2016 13:27:17 GMT" time="61.935" errors="0">
  <testcase name="f" time="61.935" classname="test.NewTest"/>
</testsuite> <!-- test.NewTest -->
