<?xml version="1.0" encoding="UTF-8"?>
<!-- Generated by org.testng.reporters.JUnitReportReporter -->
<testsuite hostname="7BZL4Z1" name="test.Basic" tests="1" failures="0" timestamp="14 Jan 2016 07:12:56 GMT" time="302.181" errors="0">
  <testcase name="main" time="302.181" classname="test.Basic"/>
</testsuite> <!-- test.Basic -->
