<?xml version="1.0" encoding="UTF-8"?>
<!-- Generated by org.testng.reporters.JUnitReportReporter -->
<testsuite hostname="7BZL4Z1" name="com.test.Logout_from_NS_from_Newtab" tests="1" failures="0" timestamp="13 Jun 2016 11:23:38 GMT" time="97.198" errors="0">
  <testcase name="main" time="97.198" classname="com.test.Logout_from_NS_from_Newtab"/>
</testsuite> <!-- com.test.Logout_from_NS_from_Newtab -->
