<?xml version="1.0" encoding="UTF-8"?>
<!-- Generated by org.testng.reporters.JUnitReportReporter -->
<testsuite hostname="7BZL4Z1" name="com.test.AttachMail" tests="1" failures="0" timestamp="9 Jun 2016 05:48:56 GMT" time="117.232" errors="0">
  <testcase name="main" time="117.232" classname="com.test.AttachMail"/>
</testsuite> <!-- com.test.AttachMail -->
