<?xml version="1.0" encoding="UTF-8"?>
<!-- Generated by org.testng.reporters.JUnitReportReporter -->
<testsuite hostname="7BZL4Z1" name="com.test.Password_Is_Empty" tests="1" failures="0" timestamp="22 Apr 2016 04:58:33 GMT" time="30.433" errors="0">
  <testcase name="main" time="30.433" classname="com.test.Password_Is_Empty"/>
</testsuite> <!-- com.test.Password_Is_Empty -->
