<?xml version="1.0" encoding="UTF-8"?>
<!-- Generated by org.testng.reporters.JUnitReportReporter -->
<testsuite hostname="7BZL4Z1" name="com.test.AppLogin" tests="1" failures="0" timestamp="21 Apr 2016 14:14:28 GMT" time="34.109" errors="0">
  <testcase name="main" time="34.109" classname="com.test.AppLogin"/>
</testsuite> <!-- com.test.AppLogin -->
