<?xml version="1.0" encoding="UTF-8"?>
<!-- Generated by org.testng.reporters.JUnitReportReporter -->
<testsuite hostname="7BZL4Z1" name="com.test.Invalid_credentials" tests="1" failures="0" timestamp="22 Apr 2016 03:34:43 GMT" time="41.354" errors="0">
  <testcase name="main" time="41.354" classname="com.test.Invalid_credentials"/>
</testsuite> <!-- com.test.Invalid_credentials -->
