<?xml version="1.0" encoding="UTF-8"?>
<!-- Generated by org.testng.reporters.JUnitReportReporter -->
<testsuite hostname="7BZL4Z1" name="test.JsonSearchResult" tests="1" failures="0" timestamp="20 Jan 2016 17:18:39 GMT" time="57.677" errors="0">
  <testcase name="f" time="57.677" classname="test.JsonSearchResult"/>
</testsuite> <!-- test.JsonSearchResult -->
