<?xml version="1.0" encoding="UTF-8"?>
<!-- Generated by org.testng.reporters.JUnitReportReporter -->
<testsuite hostname="7BZL4Z1" name="com.test.test1" tests="1" failures="0" timestamp="21 Jun 2016 08:11:25 GMT" time="44.692" errors="0">
  <testcase name="main" time="44.692" classname="com.test.test1"/>
</testsuite> <!-- com.test.test1 -->
