<?xml version="1.0" encoding="UTF-8"?>
<!-- Generated by org.testng.reporters.JUnitReportReporter -->
<testsuite hostname="7BZL4Z1" name="com.test.Attach_mail_from_SenderList_and_Verify_In_NS" tests="1" failures="0" timestamp="17 Jun 2016 09:56:24 GMT" time="232.552" errors="0">
  <testcase name="attach_To_Single_RecordFrom_SenderList_With_Attachments" time="232.552" classname="com.test.Attach_mail_from_SenderList_and_Verify_In_NS"/>
</testsuite> <!-- com.test.Attach_mail_from_SenderList_and_Verify_In_NS -->
