<?xml version="1.0" encoding="UTF-8"?>
<!-- Generated by org.testng.reporters.JUnitReportReporter -->
<testsuite hostname="7BZL4Z1" name="com.test.Valid_Credentials" tests="1" failures="0" timestamp="25 Apr 2016 06:20:22 GMT" time="93.401" errors="0">
  <testcase name="main" time="93.401" classname="com.test.Valid_Credentials"/>
</testsuite> <!-- com.test.Valid_Credentials -->
