<?xml version="1.0" encoding="UTF-8"?>
<!-- Generated by org.testng.reporters.JUnitReportReporter -->
<testsuite hostname="7BZL4Z1" name="com.test.test" tests="1" failures="0" timestamp="19 May 2016 06:41:52 GMT" time="106.347" errors="0">
  <testcase name="main" time="106.347" classname="com.test.test"/>
</testsuite> <!-- com.test.test -->
