<?xml version="1.0" encoding="UTF-8"?>
<!-- Generated by org.testng.reporters.JUnitReportReporter -->
<testsuite hostname="7BZL4Z1" name="com.test.Login_Validation" tests="7" failures="0" timestamp="21 Jun 2016 07:25:44 GMT" time="263.007" errors="0">
  <testcase name="passwordIsEmpty" time="4.834" classname="com.test.Login_Validation"/>
  <testcase name="sessionOutNotification" time="69.962" classname="com.test.Login_Validation"/>
  <testcase name="userNameIsEmpty" time="29.425" classname="com.test.Login_Validation"/>
  <testcase name="changeNsAccountFromApp" time="80.419" classname="com.test.Login_Validation"/>
  <testcase name="Logged_Out_LicenseNetsuiteAccount" time="62.680" classname="com.test.Login_Validation"/>
  <testcase name="inValidCreds" time="8.123" classname="com.test.Login_Validation"/>
  <testcase name="additionalAuthentication" time="7.564" classname="com.test.Login_Validation"/>
</testsuite> <!-- com.test.Login_Validation -->
