<?xml version="1.0" encoding="UTF-8"?>
<!-- Generated by org.testng.reporters.JUnitReportReporter -->
<testsuite hostname="7BZL4Z1" name="com.test.subtab" tests="1" failures="0" timestamp="16 Feb 2016 06:52:19 GMT" time="93.341" errors="0">
  <testcase name="f" time="93.341" classname="com.test.subtab"/>
</testsuite> <!-- com.test.subtab -->
